[0m14:24:42.010620 [debug] [MainThread]: Sending event: {'category': 'dbt', 'action': 'invocation', 'label': 'start', 'context': [<snowplow_tracker.self_describing_json.SelfDescribingJson object at 0x0000013C21D06660>, <snowplow_tracker.self_describing_json.SelfDescribingJson object at 0x0000013C1F9D65D0>, <snowplow_tracker.self_describing_json.SelfDescribingJson object at 0x0000013C22C6FED0>]}


============================== 14:24:42.099755 | 311be393-e45b-46f1-840e-7030b5aecad9 ==============================
[0m14:24:42.099755 [info ] [MainThread]: Running with dbt=1.9.4
[0m14:24:42.104673 [debug] [MainThread]: running dbt with arguments {'printer_width': '80', 'indirect_selection': 'eager', 'write_json': 'True', 'log_cache_events': 'False', 'partial_parse': 'True', 'cache_selected_only': 'False', 'warn_error': 'None', 'fail_fast': 'False', 'version_check': 'True', 'log_path': 'logs', 'profiles_dir': 'C:\\Users\\igtmuham3587\\.dbt', 'debug': 'False', 'use_colors': 'True', 'use_experimental_parser': 'False', 'no_print': 'None', 'quiet': 'False', 'empty': 'None', 'log_format': 'default', 'introspect': 'True', 'invocation_command': 'dbt init', 'warn_error_options': 'WarnErrorOptions(include=[], exclude=[])', 'target_path': 'None', 'static_parser': 'True', 'send_anonymous_usage_stats': 'True'}
[0m14:24:42.337621 [warn ] [MainThread]: [ConfigFolderDirectory]: Unable to parse logging event dictionary. Failed to parse dir field: expected string or bytes-like object, got 'WindowsPath'.. Dictionary: {'dir': WindowsPath('C:/Users/igtmuham3587/.dbt')}
[0m14:24:42.339936 [info ] [MainThread]: Creating dbt configuration folder at 
[0m14:25:45.562420 [debug] [MainThread]: Starter project path: D:\Naru\Project\data-vault-dbt\.venv\Lib\site-packages\dbt\include\starter_project
[0m14:25:45.633157 [info ] [MainThread]: 
Your new dbt project "data_vault_project" was created!

For more information on how to configure the profiles.yml file,
please consult the dbt documentation here:

  https://docs.getdbt.com/docs/configure-your-profile

One more thing:

Need help? Don't hesitate to reach out to us via GitHub issues or on Slack:

  https://community.getdbt.com/

Happy modeling!

[0m14:25:45.637522 [info ] [MainThread]: Setting up your profile.
[0m14:27:49.686525 [info ] [MainThread]: Profile data_vault_project written to C:\Users\igtmuham3587\.dbt\profiles.yml using target's profile_template.yml and your supplied values. Run 'dbt debug' to validate the connection.
[0m14:27:49.690795 [debug] [MainThread]: Command `dbt init` succeeded at 14:27:49.690386 after 188.00 seconds
[0m14:27:49.692474 [debug] [MainThread]: Sending event: {'category': 'dbt', 'action': 'invocation', 'label': 'end', 'context': [<snowplow_tracker.self_describing_json.SelfDescribingJson object at 0x0000013C23F888A0>, <snowplow_tracker.self_describing_json.SelfDescribingJson object at 0x0000013C22CE0EF0>, <snowplow_tracker.self_describing_json.SelfDescribingJson object at 0x0000013C22B66140>]}
[0m14:27:49.693846 [debug] [MainThread]: Flushing usage events
[0m14:27:50.680317 [debug] [MainThread]: An error was encountered while trying to flush usage events
[0m14:28:34.975555 [debug] [MainThread]: Sending event: {'category': 'dbt', 'action': 'invocation', 'label': 'start', 'context': [<snowplow_tracker.self_describing_json.SelfDescribingJson object at 0x00000139FAF36660>, <snowplow_tracker.self_describing_json.SelfDescribingJson object at 0x00000139F8C0A5D0>, <snowplow_tracker.self_describing_json.SelfDescribingJson object at 0x00000139FBE9FED0>]}


============================== 14:28:34.983465 | 91697b15-3eba-4129-9697-158dab077ee1 ==============================
[0m14:28:34.983465 [info ] [MainThread]: Running with dbt=1.9.4
[0m14:28:34.985892 [debug] [MainThread]: running dbt with arguments {'printer_width': '80', 'indirect_selection': 'eager', 'log_cache_events': 'False', 'write_json': 'True', 'partial_parse': 'True', 'cache_selected_only': 'False', 'profiles_dir': 'C:\\Users\\igtmuham3587\\.dbt', 'fail_fast': 'False', 'version_check': 'True', 'log_path': 'logs', 'warn_error': 'None', 'debug': 'False', 'use_colors': 'True', 'use_experimental_parser': 'False', 'no_print': 'None', 'quiet': 'False', 'empty': 'None', 'warn_error_options': 'WarnErrorOptions(include=[], exclude=[])', 'static_parser': 'True', 'introspect': 'True', 'invocation_command': 'dbt debug', 'target_path': 'None', 'log_format': 'default', 'send_anonymous_usage_stats': 'True'}
[0m14:28:35.051095 [info ] [MainThread]: dbt version: 1.9.4
[0m14:28:35.053085 [info ] [MainThread]: python version: 3.13.0
[0m14:28:35.054485 [info ] [MainThread]: python path: D:\Naru\Project\data-vault-dbt\.venv\Scripts\python.exe
[0m14:28:35.056223 [info ] [MainThread]: os info: Windows-10-10.0.19045-SP0
[0m14:28:35.221377 [info ] [MainThread]: Using profiles dir at C:\Users\igtmuham3587\.dbt
[0m14:28:35.222899 [info ] [MainThread]: Using profiles.yml file at C:\Users\igtmuham3587\.dbt\profiles.yml
[0m14:28:35.224147 [info ] [MainThread]: Using dbt_project.yml file at D:\Naru\Project\data-vault-dbt\dbt_project.yml
[0m14:28:35.228420 [info ] [MainThread]: adapter type: postgres
[0m14:28:35.230064 [info ] [MainThread]: adapter version: 1.9.0
[0m14:28:35.232446 [info ] [MainThread]: Configuration:
[0m14:28:35.234036 [info ] [MainThread]:   profiles.yml file [[32mOK found and valid[0m]
[0m14:28:35.235848 [info ] [MainThread]:   dbt_project.yml file [[31mERROR not found[0m]
[0m14:28:35.237642 [info ] [MainThread]: Required dependencies:
[0m14:28:35.239372 [debug] [MainThread]: Executing "git --help"
[0m14:28:35.541867 [debug] [MainThread]: STDOUT: "b"usage: git [-v | --version] [-h | --help] [-C <path>] [-c <name>=<value>]\n           [--exec-path[=<path>]] [--html-path] [--man-path] [--info-path]\n           [-p | --paginate | -P | --no-pager] [--no-replace-objects] [--no-lazy-fetch]\n           [--no-optional-locks] [--no-advice] [--bare] [--git-dir=<path>]\n           [--work-tree=<path>] [--namespace=<name>] [--config-env=<name>=<envvar>]\n           <command> [<args>]\n\nThese are common Git commands used in various situations:\n\nstart a working area (see also: git help tutorial)\n   clone      Clone a repository into a new directory\n   init       Create an empty Git repository or reinitialize an existing one\n\nwork on the current change (see also: git help everyday)\n   add        Add file contents to the index\n   mv         Move or rename a file, a directory, or a symlink\n   restore    Restore working tree files\n   rm         Remove files from the working tree and from the index\n\nexamine the history and state (see also: git help revisions)\n   bisect     Use binary search to find the commit that introduced a bug\n   diff       Show changes between commits, commit and working tree, etc\n   grep       Print lines matching a pattern\n   log        Show commit logs\n   show       Show various types of objects\n   status     Show the working tree status\n\ngrow, mark and tweak your common history\n   backfill   Download missing objects in a partial clone\n   branch     List, create, or delete branches\n   commit     Record changes to the repository\n   merge      Join two or more development histories together\n   rebase     Reapply commits on top of another base tip\n   reset      Reset current HEAD to the specified state\n   switch     Switch branches\n   tag        Create, list, delete or verify a tag object signed with GPG\n\ncollaborate (see also: git help workflows)\n   fetch      Download objects and refs from another repository\n   pull       Fetch from and integrate with another repository or a local branch\n   push       Update remote refs along with associated objects\n\n'git help -a' and 'git help -g' list available subcommands and some\nconcept guides. See 'git help <command>' or 'git help <concept>'\nto read about a specific subcommand or concept.\nSee 'git help git' for an overview of the system.\n""
[0m14:28:35.543690 [debug] [MainThread]: STDERR: "b''"
[0m14:28:35.545077 [info ] [MainThread]:  - git [[32mOK found[0m]

[0m14:28:35.546874 [info ] [MainThread]: Connection:
[0m14:28:35.548948 [info ] [MainThread]:   host: localhost
[0m14:28:35.551234 [info ] [MainThread]:   port: 5432
[0m14:28:35.553073 [info ] [MainThread]:   user: igtmuham3587
[0m14:28:35.554677 [info ] [MainThread]:   database: flights
[0m14:28:35.556209 [info ] [MainThread]:   schema: dbo
[0m14:28:35.557736 [info ] [MainThread]:   connect_timeout: 10
[0m14:28:35.559751 [info ] [MainThread]:   role: None
[0m14:28:35.561681 [info ] [MainThread]:   search_path: None
[0m14:28:35.563050 [info ] [MainThread]:   keepalives_idle: 0
[0m14:28:35.564786 [info ] [MainThread]:   sslmode: None
[0m14:28:35.566617 [info ] [MainThread]:   sslcert: None
[0m14:28:35.568753 [info ] [MainThread]:   sslkey: None
[0m14:28:35.570406 [info ] [MainThread]:   sslrootcert: None
[0m14:28:35.572037 [info ] [MainThread]:   application_name: dbt
[0m14:28:35.573542 [info ] [MainThread]:   retries: 1
[0m14:28:35.575539 [info ] [MainThread]: Registered adapter: postgres=1.9.0
[0m14:28:36.461832 [debug] [MainThread]: Acquiring new postgres connection 'debug'
[0m14:28:37.123227 [debug] [MainThread]: Using postgres connection "debug"
[0m14:28:37.124904 [debug] [MainThread]: On debug: select 1 as id
[0m14:28:37.126209 [debug] [MainThread]: Opening a new connection, currently in state init
[0m14:28:57.154715 [debug] [MainThread]: Postgres adapter: Got a retryable error when attempting to open a postgres connection.
1 attempts remaining. Retrying in 0 seconds.
Error:
connection to server at "localhost" (::1), port 5432 failed: timeout expired
connection to server at "localhost" (127.0.0.1), port 5432 failed: timeout expired

[0m14:29:17.188422 [debug] [MainThread]: Postgres adapter: Error running SQL: select 1 as id
[0m14:29:17.190003 [debug] [MainThread]: Postgres adapter: Rolling back transaction.
[0m14:29:17.191416 [debug] [MainThread]: On debug: No close available on handle
[0m14:29:17.192744 [info ] [MainThread]:   Connection test: [[31mERROR[0m]

[0m14:29:17.196674 [info ] [MainThread]: [31m2 checks failed:[0m
[0m14:29:17.199777 [info ] [MainThread]: Project loading failed for the following reason:
 project path <D:\Naru\Project\data-vault-dbt\dbt_project.yml> not found

[0m14:29:17.208709 [info ] [MainThread]: dbt was unable to connect to the specified database.
The database returned the following error:

  >Database Error
  connection to server at "localhost" (::1), port 5432 failed: timeout expired
  connection to server at "localhost" (127.0.0.1), port 5432 failed: timeout expired
  

Check your database credentials and try again. For more information, visit:
https://docs.getdbt.com/docs/configure-your-profile


[0m14:29:17.237421 [debug] [MainThread]: Command `dbt debug` failed at 14:29:17.237146 after 42.65 seconds
[0m14:29:17.238335 [debug] [MainThread]: Connection 'debug' was properly closed.
[0m14:29:17.239173 [debug] [MainThread]: Sending event: {'category': 'dbt', 'action': 'invocation', 'label': 'end', 'context': [<snowplow_tracker.self_describing_json.SelfDescribingJson object at 0x00000139FC25E190>, <snowplow_tracker.self_describing_json.SelfDescribingJson object at 0x00000139FD438050>, <snowplow_tracker.self_describing_json.SelfDescribingJson object at 0x00000139FBF716A0>]}
[0m14:29:17.239997 [debug] [MainThread]: Flushing usage events
[0m14:29:18.222985 [debug] [MainThread]: An error was encountered while trying to flush usage events
[0m09:38:14.836207 [debug] [MainThread]: Sending event: {'category': 'dbt', 'action': 'invocation', 'label': 'start', 'context': [<snowplow_tracker.self_describing_json.SelfDescribingJson object at 0x000002244DEDA660>, <snowplow_tracker.self_describing_json.SelfDescribingJson object at 0x000002244BBA65D0>, <snowplow_tracker.self_describing_json.SelfDescribingJson object at 0x000002244EE3FED0>]}


============================== 09:38:14.848166 | b033f504-07df-4c8f-aead-8f4dd4de6aef ==============================
[0m09:38:14.848166 [info ] [MainThread]: Running with dbt=1.9.4
[0m09:38:14.850853 [debug] [MainThread]: running dbt with arguments {'printer_width': '80', 'indirect_selection': 'eager', 'write_json': 'True', 'log_cache_events': 'False', 'partial_parse': 'True', 'cache_selected_only': 'False', 'profiles_dir': 'C:\\Users\\igtmuham3587\\.dbt', 'fail_fast': 'False', 'version_check': 'True', 'log_path': 'logs', 'warn_error': 'None', 'debug': 'False', 'use_colors': 'True', 'use_experimental_parser': 'False', 'no_print': 'None', 'quiet': 'False', 'empty': 'None', 'warn_error_options': 'WarnErrorOptions(include=[], exclude=[])', 'introspect': 'True', 'invocation_command': 'dbt debug', 'static_parser': 'True', 'target_path': 'None', 'log_format': 'default', 'send_anonymous_usage_stats': 'True'}
[0m09:38:14.911832 [info ] [MainThread]: dbt version: 1.9.4
[0m09:38:14.913702 [info ] [MainThread]: python version: 3.13.0
[0m09:38:14.915130 [info ] [MainThread]: python path: D:\Naru\Project\data-vault-dbt\.venv\Scripts\python.exe
[0m09:38:14.917049 [info ] [MainThread]: os info: Windows-10-10.0.19045-SP0
[0m09:38:15.103015 [info ] [MainThread]: Using profiles dir at C:\Users\igtmuham3587\.dbt
[0m09:38:15.104906 [info ] [MainThread]: Using profiles.yml file at C:\Users\igtmuham3587\.dbt\profiles.yml
[0m09:38:15.106619 [info ] [MainThread]: Using dbt_project.yml file at D:\Naru\Project\data-vault-dbt\dbt_project.yml
[0m09:38:15.109741 [info ] [MainThread]: adapter type: postgres
[0m09:38:15.111123 [info ] [MainThread]: adapter version: 1.9.0
[0m09:38:15.112274 [info ] [MainThread]: Configuration:
[0m09:38:15.113416 [info ] [MainThread]:   profiles.yml file [[32mOK found and valid[0m]
[0m09:38:15.114574 [info ] [MainThread]:   dbt_project.yml file [[31mERROR not found[0m]
[0m09:38:15.116107 [info ] [MainThread]: Required dependencies:
[0m09:38:15.117831 [debug] [MainThread]: Executing "git --help"
[0m09:38:15.552178 [debug] [MainThread]: STDOUT: "b"usage: git [-v | --version] [-h | --help] [-C <path>] [-c <name>=<value>]\n           [--exec-path[=<path>]] [--html-path] [--man-path] [--info-path]\n           [-p | --paginate | -P | --no-pager] [--no-replace-objects] [--no-lazy-fetch]\n           [--no-optional-locks] [--no-advice] [--bare] [--git-dir=<path>]\n           [--work-tree=<path>] [--namespace=<name>] [--config-env=<name>=<envvar>]\n           <command> [<args>]\n\nThese are common Git commands used in various situations:\n\nstart a working area (see also: git help tutorial)\n   clone      Clone a repository into a new directory\n   init       Create an empty Git repository or reinitialize an existing one\n\nwork on the current change (see also: git help everyday)\n   add        Add file contents to the index\n   mv         Move or rename a file, a directory, or a symlink\n   restore    Restore working tree files\n   rm         Remove files from the working tree and from the index\n\nexamine the history and state (see also: git help revisions)\n   bisect     Use binary search to find the commit that introduced a bug\n   diff       Show changes between commits, commit and working tree, etc\n   grep       Print lines matching a pattern\n   log        Show commit logs\n   show       Show various types of objects\n   status     Show the working tree status\n\ngrow, mark and tweak your common history\n   backfill   Download missing objects in a partial clone\n   branch     List, create, or delete branches\n   commit     Record changes to the repository\n   merge      Join two or more development histories together\n   rebase     Reapply commits on top of another base tip\n   reset      Reset current HEAD to the specified state\n   switch     Switch branches\n   tag        Create, list, delete or verify a tag object signed with GPG\n\ncollaborate (see also: git help workflows)\n   fetch      Download objects and refs from another repository\n   pull       Fetch from and integrate with another repository or a local branch\n   push       Update remote refs along with associated objects\n\n'git help -a' and 'git help -g' list available subcommands and some\nconcept guides. See 'git help <command>' or 'git help <concept>'\nto read about a specific subcommand or concept.\nSee 'git help git' for an overview of the system.\n""
[0m09:38:15.553835 [debug] [MainThread]: STDERR: "b''"
[0m09:38:15.554826 [info ] [MainThread]:  - git [[32mOK found[0m]

[0m09:38:15.556441 [info ] [MainThread]: Connection:
[0m09:38:15.558068 [info ] [MainThread]:   host: localhost
[0m09:38:15.559638 [info ] [MainThread]:   port: 5432
[0m09:38:15.561217 [info ] [MainThread]:   user: igtmuham3587
[0m09:38:15.562799 [info ] [MainThread]:   database: demo
[0m09:38:15.564398 [info ] [MainThread]:   schema: staging
[0m09:38:15.566067 [info ] [MainThread]:   connect_timeout: 10
[0m09:38:15.567748 [info ] [MainThread]:   role: None
[0m09:38:15.570910 [info ] [MainThread]:   search_path: None
[0m09:38:15.572746 [info ] [MainThread]:   keepalives_idle: 0
[0m09:38:15.574174 [info ] [MainThread]:   sslmode: None
[0m09:38:15.575527 [info ] [MainThread]:   sslcert: None
[0m09:38:15.577004 [info ] [MainThread]:   sslkey: None
[0m09:38:15.578485 [info ] [MainThread]:   sslrootcert: None
[0m09:38:15.579950 [info ] [MainThread]:   application_name: dbt
[0m09:38:15.581418 [info ] [MainThread]:   retries: 1
[0m09:38:15.583819 [info ] [MainThread]: Registered adapter: postgres=1.9.0
[0m09:38:16.404957 [debug] [MainThread]: Acquiring new postgres connection 'debug'
[0m09:38:17.064720 [debug] [MainThread]: Using postgres connection "debug"
[0m09:38:17.066173 [debug] [MainThread]: On debug: select 1 as id
[0m09:38:17.067562 [debug] [MainThread]: Opening a new connection, currently in state init
[0m09:38:17.323888 [debug] [MainThread]: SQL status: SELECT 1 in 0.256 seconds
[0m09:38:17.326983 [debug] [MainThread]: On debug: Close
[0m09:38:17.328545 [info ] [MainThread]:   Connection test: [[32mOK connection ok[0m]

[0m09:38:17.331383 [info ] [MainThread]: [31m1 check failed:[0m
[0m09:38:17.333378 [info ] [MainThread]: Project loading failed for the following reason:
 project path <D:\Naru\Project\data-vault-dbt\dbt_project.yml> not found

[0m09:38:17.336661 [debug] [MainThread]: Command `dbt debug` failed at 09:38:17.336390 after 2.89 seconds
[0m09:38:17.337503 [debug] [MainThread]: Connection 'debug' was properly closed.
[0m09:38:17.338343 [debug] [MainThread]: Sending event: {'category': 'dbt', 'action': 'invocation', 'label': 'end', 'context': [<snowplow_tracker.self_describing_json.SelfDescribingJson object at 0x000002244F3F15B0>, <snowplow_tracker.self_describing_json.SelfDescribingJson object at 0x000002244F113890>, <snowplow_tracker.self_describing_json.SelfDescribingJson object at 0x000002244EF128B0>]}
[0m09:38:17.339841 [debug] [MainThread]: Flushing usage events
[0m09:38:18.385678 [debug] [MainThread]: An error was encountered while trying to flush usage events
[0m14:09:59.114046 [debug] [MainThread]: Sending event: {'category': 'dbt', 'action': 'invocation', 'label': 'start', 'context': [<snowplow_tracker.self_describing_json.SelfDescribingJson object at 0x0000027FB182A660>, <snowplow_tracker.self_describing_json.SelfDescribingJson object at 0x0000027FAF50A5D0>, <snowplow_tracker.self_describing_json.SelfDescribingJson object at 0x0000027FB278FED0>]}


============================== 14:09:59.124646 | da0015f3-a9aa-4c28-aa2e-0879c82118fc ==============================
[0m14:09:59.124646 [info ] [MainThread]: Running with dbt=1.9.4
[0m14:09:59.127245 [debug] [MainThread]: running dbt with arguments {'printer_width': '80', 'indirect_selection': 'eager', 'log_cache_events': 'False', 'write_json': 'True', 'partial_parse': 'True', 'cache_selected_only': 'False', 'profiles_dir': 'C:\\Users\\igtmuham3587\\.dbt', 'version_check': 'True', 'warn_error': 'None', 'log_path': 'logs', 'fail_fast': 'False', 'debug': 'False', 'use_colors': 'True', 'use_experimental_parser': 'False', 'empty': 'None', 'quiet': 'False', 'no_print': 'None', 'warn_error_options': 'WarnErrorOptions(include=[], exclude=[])', 'introspect': 'True', 'log_format': 'default', 'invocation_command': 'dbt debug', 'target_path': 'None', 'static_parser': 'True', 'send_anonymous_usage_stats': 'True'}
[0m14:09:59.190889 [info ] [MainThread]: dbt version: 1.9.4
[0m14:09:59.192038 [info ] [MainThread]: python version: 3.13.0
[0m14:09:59.193042 [info ] [MainThread]: python path: D:\Naru\Project\data-vault-dbt\.venv\Scripts\python.exe
[0m14:09:59.194078 [info ] [MainThread]: os info: Windows-10-10.0.19045-SP0
[0m14:09:59.674249 [info ] [MainThread]: Using profiles dir at C:\Users\igtmuham3587\.dbt
[0m14:09:59.676434 [info ] [MainThread]: Using profiles.yml file at C:\Users\igtmuham3587\.dbt\profiles.yml
[0m14:09:59.678253 [info ] [MainThread]: Using dbt_project.yml file at D:\Naru\Project\data-vault-dbt\dbt_project.yml
[0m14:09:59.680930 [info ] [MainThread]: adapter type: postgres
[0m14:09:59.682343 [info ] [MainThread]: adapter version: 1.9.0
[0m14:09:59.683573 [info ] [MainThread]: Configuration:
[0m14:09:59.684601 [info ] [MainThread]:   profiles.yml file [[32mOK found and valid[0m]
[0m14:09:59.685634 [info ] [MainThread]:   dbt_project.yml file [[31mERROR not found[0m]
[0m14:09:59.686696 [info ] [MainThread]: Required dependencies:
[0m14:09:59.687711 [debug] [MainThread]: Executing "git --help"
[0m14:09:59.941062 [debug] [MainThread]: STDOUT: "b"usage: git [-v | --version] [-h | --help] [-C <path>] [-c <name>=<value>]\n           [--exec-path[=<path>]] [--html-path] [--man-path] [--info-path]\n           [-p | --paginate | -P | --no-pager] [--no-replace-objects] [--no-lazy-fetch]\n           [--no-optional-locks] [--no-advice] [--bare] [--git-dir=<path>]\n           [--work-tree=<path>] [--namespace=<name>] [--config-env=<name>=<envvar>]\n           <command> [<args>]\n\nThese are common Git commands used in various situations:\n\nstart a working area (see also: git help tutorial)\n   clone      Clone a repository into a new directory\n   init       Create an empty Git repository or reinitialize an existing one\n\nwork on the current change (see also: git help everyday)\n   add        Add file contents to the index\n   mv         Move or rename a file, a directory, or a symlink\n   restore    Restore working tree files\n   rm         Remove files from the working tree and from the index\n\nexamine the history and state (see also: git help revisions)\n   bisect     Use binary search to find the commit that introduced a bug\n   diff       Show changes between commits, commit and working tree, etc\n   grep       Print lines matching a pattern\n   log        Show commit logs\n   show       Show various types of objects\n   status     Show the working tree status\n\ngrow, mark and tweak your common history\n   backfill   Download missing objects in a partial clone\n   branch     List, create, or delete branches\n   commit     Record changes to the repository\n   merge      Join two or more development histories together\n   rebase     Reapply commits on top of another base tip\n   reset      Reset current HEAD to the specified state\n   switch     Switch branches\n   tag        Create, list, delete or verify a tag object signed with GPG\n\ncollaborate (see also: git help workflows)\n   fetch      Download objects and refs from another repository\n   pull       Fetch from and integrate with another repository or a local branch\n   push       Update remote refs along with associated objects\n\n'git help -a' and 'git help -g' list available subcommands and some\nconcept guides. See 'git help <command>' or 'git help <concept>'\nto read about a specific subcommand or concept.\nSee 'git help git' for an overview of the system.\n""
[0m14:09:59.942998 [debug] [MainThread]: STDERR: "b''"
[0m14:09:59.944520 [info ] [MainThread]:  - git [[32mOK found[0m]

[0m14:09:59.946447 [info ] [MainThread]: Connection:
[0m14:09:59.948172 [info ] [MainThread]:   host: localhost
[0m14:09:59.949738 [info ] [MainThread]:   port: 5432
[0m14:09:59.951369 [info ] [MainThread]:   user: igtmuham3587
[0m14:09:59.952413 [info ] [MainThread]:   database: demo
[0m14:09:59.953567 [info ] [MainThread]:   schema: staging
[0m14:09:59.955263 [info ] [MainThread]:   connect_timeout: 10
[0m14:09:59.956846 [info ] [MainThread]:   role: None
[0m14:09:59.958212 [info ] [MainThread]:   search_path: None
[0m14:09:59.959194 [info ] [MainThread]:   keepalives_idle: 0
[0m14:09:59.960238 [info ] [MainThread]:   sslmode: None
[0m14:09:59.961235 [info ] [MainThread]:   sslcert: None
[0m14:09:59.962386 [info ] [MainThread]:   sslkey: None
[0m14:09:59.963449 [info ] [MainThread]:   sslrootcert: None
[0m14:09:59.964555 [info ] [MainThread]:   application_name: dbt
[0m14:09:59.966495 [info ] [MainThread]:   retries: 1
[0m14:09:59.968079 [info ] [MainThread]: Registered adapter: postgres=1.9.0
[0m14:10:00.813130 [debug] [MainThread]: Acquiring new postgres connection 'debug'
[0m14:10:01.541188 [debug] [MainThread]: Using postgres connection "debug"
[0m14:10:01.542018 [debug] [MainThread]: On debug: select 1 as id
[0m14:10:01.542709 [debug] [MainThread]: Opening a new connection, currently in state init
[0m14:10:05.636192 [debug] [MainThread]: Postgres adapter: Got a retryable error when attempting to open a postgres connection.
1 attempts remaining. Retrying in 0 seconds.
Error:
connection to server at "localhost" (::1), port 5432 failed: Connection refused (0x0000274D/10061)
	Is the server running on that host and accepting TCP/IP connections?
connection to server at "localhost" (127.0.0.1), port 5432 failed: Connection refused (0x0000274D/10061)
	Is the server running on that host and accepting TCP/IP connections?

[0m14:10:09.717722 [debug] [MainThread]: Postgres adapter: Error running SQL: select 1 as id
[0m14:10:09.721830 [debug] [MainThread]: Postgres adapter: Rolling back transaction.
[0m14:10:09.725865 [debug] [MainThread]: On debug: No close available on handle
[0m14:10:09.730288 [info ] [MainThread]:   Connection test: [[31mERROR[0m]

[0m14:10:09.737582 [info ] [MainThread]: [31m2 checks failed:[0m
[0m14:10:09.740681 [info ] [MainThread]: Project loading failed for the following reason:
 project path <D:\Naru\Project\data-vault-dbt\dbt_project.yml> not found

[0m14:10:09.744343 [info ] [MainThread]: dbt was unable to connect to the specified database.
The database returned the following error:

  >Database Error
  connection to server at "localhost" (::1), port 5432 failed: Connection refused (0x0000274D/10061)
  	Is the server running on that host and accepting TCP/IP connections?
  connection to server at "localhost" (127.0.0.1), port 5432 failed: Connection refused (0x0000274D/10061)
  	Is the server running on that host and accepting TCP/IP connections?
  

Check your database credentials and try again. For more information, visit:
https://docs.getdbt.com/docs/configure-your-profile


[0m14:10:09.757469 [debug] [MainThread]: Command `dbt debug` failed at 14:10:09.756749 after 11.05 seconds
[0m14:10:09.760014 [debug] [MainThread]: Connection 'debug' was properly closed.
[0m14:10:09.762393 [debug] [MainThread]: Sending event: {'category': 'dbt', 'action': 'invocation', 'label': 'end', 'context': [<snowplow_tracker.self_describing_json.SelfDescribingJson object at 0x0000027FB3CD15B0>, <snowplow_tracker.self_describing_json.SelfDescribingJson object at 0x0000027FB2A1F890>, <snowplow_tracker.self_describing_json.SelfDescribingJson object at 0x0000027FB28616A0>]}
[0m14:10:09.765175 [debug] [MainThread]: Flushing usage events
[0m14:10:10.952781 [debug] [MainThread]: An error was encountered while trying to flush usage events
[0m14:11:39.648368 [debug] [MainThread]: Sending event: {'category': 'dbt', 'action': 'invocation', 'label': 'start', 'context': [<snowplow_tracker.self_describing_json.SelfDescribingJson object at 0x0000022735AA6660>, <snowplow_tracker.self_describing_json.SelfDescribingJson object at 0x000002273377A5D0>, <snowplow_tracker.self_describing_json.SelfDescribingJson object at 0x0000022736A0FED0>]}


============================== 14:11:39.655499 | 94d0dd1d-976a-41a7-99d4-40a1e21666aa ==============================
[0m14:11:39.655499 [info ] [MainThread]: Running with dbt=1.9.4
[0m14:11:39.657654 [debug] [MainThread]: running dbt with arguments {'printer_width': '80', 'indirect_selection': 'eager', 'write_json': 'True', 'log_cache_events': 'False', 'partial_parse': 'True', 'cache_selected_only': 'False', 'warn_error': 'None', 'debug': 'False', 'version_check': 'True', 'log_path': 'logs', 'profiles_dir': 'C:\\Users\\igtmuham3587\\.dbt', 'fail_fast': 'False', 'use_colors': 'True', 'use_experimental_parser': 'False', 'no_print': 'None', 'quiet': 'False', 'empty': 'None', 'warn_error_options': 'WarnErrorOptions(include=[], exclude=[])', 'introspect': 'True', 'static_parser': 'True', 'log_format': 'default', 'target_path': 'None', 'invocation_command': 'dbt debug', 'send_anonymous_usage_stats': 'True'}
[0m14:11:39.694997 [info ] [MainThread]: dbt version: 1.9.4
[0m14:11:39.697305 [info ] [MainThread]: python version: 3.13.0
[0m14:11:39.698965 [info ] [MainThread]: python path: D:\Naru\Project\data-vault-dbt\.venv\Scripts\python.exe
[0m14:11:39.700594 [info ] [MainThread]: os info: Windows-10-10.0.19045-SP0
[0m14:11:39.882571 [info ] [MainThread]: Using profiles dir at C:\Users\igtmuham3587\.dbt
[0m14:11:39.883998 [info ] [MainThread]: Using profiles.yml file at C:\Users\igtmuham3587\.dbt\profiles.yml
[0m14:11:39.885208 [info ] [MainThread]: Using dbt_project.yml file at D:\Naru\Project\data-vault-dbt\dbt_project.yml
[0m14:11:39.887303 [info ] [MainThread]: adapter type: postgres
[0m14:11:39.888499 [info ] [MainThread]: adapter version: 1.9.0
[0m14:11:39.889663 [info ] [MainThread]: Configuration:
[0m14:11:39.890782 [info ] [MainThread]:   profiles.yml file [[32mOK found and valid[0m]
[0m14:11:39.891965 [info ] [MainThread]:   dbt_project.yml file [[31mERROR not found[0m]
[0m14:11:39.893098 [info ] [MainThread]: Required dependencies:
[0m14:11:39.894262 [debug] [MainThread]: Executing "git --help"
[0m14:11:40.143340 [debug] [MainThread]: STDOUT: "b"usage: git [-v | --version] [-h | --help] [-C <path>] [-c <name>=<value>]\n           [--exec-path[=<path>]] [--html-path] [--man-path] [--info-path]\n           [-p | --paginate | -P | --no-pager] [--no-replace-objects] [--no-lazy-fetch]\n           [--no-optional-locks] [--no-advice] [--bare] [--git-dir=<path>]\n           [--work-tree=<path>] [--namespace=<name>] [--config-env=<name>=<envvar>]\n           <command> [<args>]\n\nThese are common Git commands used in various situations:\n\nstart a working area (see also: git help tutorial)\n   clone      Clone a repository into a new directory\n   init       Create an empty Git repository or reinitialize an existing one\n\nwork on the current change (see also: git help everyday)\n   add        Add file contents to the index\n   mv         Move or rename a file, a directory, or a symlink\n   restore    Restore working tree files\n   rm         Remove files from the working tree and from the index\n\nexamine the history and state (see also: git help revisions)\n   bisect     Use binary search to find the commit that introduced a bug\n   diff       Show changes between commits, commit and working tree, etc\n   grep       Print lines matching a pattern\n   log        Show commit logs\n   show       Show various types of objects\n   status     Show the working tree status\n\ngrow, mark and tweak your common history\n   backfill   Download missing objects in a partial clone\n   branch     List, create, or delete branches\n   commit     Record changes to the repository\n   merge      Join two or more development histories together\n   rebase     Reapply commits on top of another base tip\n   reset      Reset current HEAD to the specified state\n   switch     Switch branches\n   tag        Create, list, delete or verify a tag object signed with GPG\n\ncollaborate (see also: git help workflows)\n   fetch      Download objects and refs from another repository\n   pull       Fetch from and integrate with another repository or a local branch\n   push       Update remote refs along with associated objects\n\n'git help -a' and 'git help -g' list available subcommands and some\nconcept guides. See 'git help <command>' or 'git help <concept>'\nto read about a specific subcommand or concept.\nSee 'git help git' for an overview of the system.\n""
[0m14:11:40.145056 [debug] [MainThread]: STDERR: "b''"
[0m14:11:40.146290 [info ] [MainThread]:  - git [[32mOK found[0m]

[0m14:11:40.148222 [info ] [MainThread]: Connection:
[0m14:11:40.149556 [info ] [MainThread]:   host: localhost
[0m14:11:40.150644 [info ] [MainThread]:   port: 5432
[0m14:11:40.151700 [info ] [MainThread]:   user: igtmuham3587
[0m14:11:40.152764 [info ] [MainThread]:   database: demo
[0m14:11:40.153840 [info ] [MainThread]:   schema: staging
[0m14:11:40.154844 [info ] [MainThread]:   connect_timeout: 10
[0m14:11:40.155894 [info ] [MainThread]:   role: None
[0m14:11:40.156955 [info ] [MainThread]:   search_path: None
[0m14:11:40.158010 [info ] [MainThread]:   keepalives_idle: 0
[0m14:11:40.159151 [info ] [MainThread]:   sslmode: None
[0m14:11:40.160208 [info ] [MainThread]:   sslcert: None
[0m14:11:40.161316 [info ] [MainThread]:   sslkey: None
[0m14:11:40.162925 [info ] [MainThread]:   sslrootcert: None
[0m14:11:40.165149 [info ] [MainThread]:   application_name: dbt
[0m14:11:40.166339 [info ] [MainThread]:   retries: 1
[0m14:11:40.167869 [info ] [MainThread]: Registered adapter: postgres=1.9.0
[0m14:11:40.942615 [debug] [MainThread]: Acquiring new postgres connection 'debug'
[0m14:11:41.564498 [debug] [MainThread]: Using postgres connection "debug"
[0m14:11:41.565911 [debug] [MainThread]: On debug: select 1 as id
[0m14:11:41.567180 [debug] [MainThread]: Opening a new connection, currently in state init
[0m14:11:42.063312 [debug] [MainThread]: SQL status: SELECT 1 in 0.496 seconds
[0m14:11:42.066254 [debug] [MainThread]: On debug: Close
[0m14:11:42.068091 [info ] [MainThread]:   Connection test: [[32mOK connection ok[0m]

[0m14:11:42.071791 [info ] [MainThread]: [31m1 check failed:[0m
[0m14:11:42.074626 [info ] [MainThread]: Project loading failed for the following reason:
 project path <D:\Naru\Project\data-vault-dbt\dbt_project.yml> not found

[0m14:11:42.080747 [debug] [MainThread]: Command `dbt debug` failed at 14:11:42.080177 after 2.78 seconds
[0m14:11:42.083327 [debug] [MainThread]: Connection 'debug' was properly closed.
[0m14:11:42.085874 [debug] [MainThread]: Sending event: {'category': 'dbt', 'action': 'invocation', 'label': 'end', 'context': [<snowplow_tracker.self_describing_json.SelfDescribingJson object at 0x0000022736ED15B0>, <snowplow_tracker.self_describing_json.SelfDescribingJson object at 0x0000022736BF3890>, <snowplow_tracker.self_describing_json.SelfDescribingJson object at 0x0000022736AE28B0>]}
[0m14:11:42.087981 [debug] [MainThread]: Flushing usage events
[0m14:11:43.140494 [debug] [MainThread]: An error was encountered while trying to flush usage events
